This is pdfTeX, Version 3.141592653-2.6-1.40.22 (TeX Live 2021) (preloaded format=pdflatex 2021.9.8)  12 MAY 2023 16:18
entering extended mode
 restricted \write18 enabled.
 file:line:error style messages enabled.
 %&-line parsing enabled.
**Milestones_1_4.tex
(./Milestones_1_4.tex
LaTeX2e <2020-10-01> patch level 4
L3 programming layer <2021-02-18> (./aa.cls
Document Class: aa 2023/09/01{} v9.1{} Class for AA journal
(/usr/local/texlive/2021/texmf-dist/tex/latex/base/article.cls
Document Class: article 2020/04/10 v1.4m Standard LaTeX document class
(/usr/local/texlive/2021/texmf-dist/tex/latex/base/fleqn.clo
File: fleqn.clo 2016/12/29 v1.2b Standard LaTeX option (flush left equations)
\mathindent=\skip47
Applying: [2015/01/01] Make \[ robust on input line 50.
LaTeX Info: Redefining \[ on input line 51.
Already applied: [0000/00/00] Make \[ robust on input line 62.
Applying: [2015/01/01] Make \] robust on input line 74.
LaTeX Info: Redefining \] on input line 75.
Already applied: [0000/00/00] Make \] robust on input line 83.
)
(/usr/local/texlive/2021/texmf-dist/tex/latex/base/size10.clo
File: size10.clo 2020/04/10 v1.4m Standard LaTeX file (size option)
)
\c@part=\count179
\c@section=\count180
\c@subsection=\count181
\c@subsubsection=\count182
\c@paragraph=\count183
\c@subparagraph=\count184
\c@figure=\count185
\c@table=\count186
\abovecaptionskip=\skip48
\belowcaptionskip=\skip49
\bibindent=\dimen138
)
\aa@fullwidth=\skip50
\aa@fullheight=\skip51

(/usr/local/texlive/2021/texmf-dist/tex/latex/tools/calc.sty
Package: calc 2017/05/25 v4.3 Infix arithmetic (KKT,FJ)
\calc@Acount=\count187
\calc@Bcount=\count188
\calc@Adimen=\dimen139
\calc@Bdimen=\dimen140
\calc@Askip=\skip52
\calc@Bskip=\skip53
LaTeX Info: Redefining \setlength on input line 80.
LaTeX Info: Redefining \addtolength on input line 81.
\calc@Ccount=\count189
\calc@Cskip=\skip54
)
(/usr/local/texlive/2021/texmf-dist/tex/latex/etex-pkg/etex.sty
Package: etex 2016/08/01 v2.7 eTeX basic definition package (PEB,DPC)
\et@xins=\count190
)
(/usr/local/texlive/2021/texmf-dist/tex/latex/base/fontenc.sty
Package: fontenc 2020/08/10 v2.0s Standard LaTeX package
)
(/usr/local/texlive/2021/texmf-dist/tex/latex/base/inputenc.sty
Package: inputenc 2020/08/01 v1.3d Input encoding file
\inpenc@prehook=\toks15
\inpenc@posthook=\toks16
)
(/usr/local/texlive/2021/texmf-dist/tex/latex/geometry/geometry.sty
Package: geometry 2020/01/02 v5.9 Page Geometry

(/usr/local/texlive/2021/texmf-dist/tex/latex/graphics/keyval.sty
Package: keyval 2014/10/28 v1.15 key=value parser (DPC)
\KV@toks@=\toks17
)
(/usr/local/texlive/2021/texmf-dist/tex/generic/iftex/ifvtex.sty
Package: ifvtex 2019/10/25 v1.7 ifvtex legacy package. Use iftex instead.

(/usr/local/texlive/2021/texmf-dist/tex/generic/iftex/iftex.sty
Package: iftex 2020/03/06 v1.0d TeX engine tests
))
\Gm@cnth=\count191
\Gm@cntv=\count192
\c@Gm@tempcnt=\count193
\Gm@bindingoffset=\dimen141
\Gm@wd@mp=\dimen142
\Gm@odd@mp=\dimen143
\Gm@even@mp=\dimen144
\Gm@layoutwidth=\dimen145
\Gm@layoutheight=\dimen146
\Gm@layouthoffset=\dimen147
\Gm@layoutvoffset=\dimen148
\Gm@dimlist=\toks18
)
(/usr/local/texlive/2021/texmf-dist/tex/latex/setspace/setspace.sty
Package: setspace 2011/12/19 v6.7a set line spacing
)
(/usr/local/texlive/2021/texmf-dist/tex/latex/fancyhdr/fancyhdr.sty
Package: fancyhdr 2021/01/28 v4.0.1 Extensive control of page headers and foote
rs
\f@nch@headwidth=\skip55
\f@nch@O@elh=\skip56
\f@nch@O@erh=\skip57
\f@nch@O@olh=\skip58
\f@nch@O@orh=\skip59
\f@nch@O@elf=\skip60
\f@nch@O@erf=\skip61
\f@nch@O@olf=\skip62
\f@nch@O@orf=\skip63
)
(/usr/local/texlive/2021/texmf-dist/tex/latex/sttools/cuted.sty
Package: cuted 2012/10/04 v1.5 Mixing onecolumn and twocolumn modes
\At@ViperColsBreak=\toks19
\v@aaa=\box47
\v@ccc=\box48
\lastskip@a=\skip64
\lastskip@b=\skip65
\lastskip@d=\skip66
\lastbox@a=\box49
\stripsep=\skip67
\@viper=\box50
\viper@penalty=\count194
\hold@viper=\box51
\ht@viper=\dimen149
)
(/usr/local/texlive/2021/texmf-dist/tex/latex/amsmath/amsmath.sty
Package: amsmath 2020/09/23 v2.17i AMS math features
\@mathmargin=\skip68

For additional information on amsmath, use the `?' option.
(/usr/local/texlive/2021/texmf-dist/tex/latex/amsmath/amstext.sty
Package: amstext 2000/06/29 v2.01 AMS text

(/usr/local/texlive/2021/texmf-dist/tex/latex/amsmath/amsgen.sty
File: amsgen.sty 1999/11/30 v2.0 generic functions
\@emptytoks=\toks20
\ex@=\dimen150
))
(/usr/local/texlive/2021/texmf-dist/tex/latex/amsmath/amsbsy.sty
Package: amsbsy 1999/11/29 v1.2d Bold Symbols
\pmbraise@=\dimen151
)
(/usr/local/texlive/2021/texmf-dist/tex/latex/amsmath/amsopn.sty
Package: amsopn 2016/03/08 v2.02 operator names
)
\inf@bad=\count195
LaTeX Info: Redefining \frac on input line 234.
\uproot@=\count196
\leftroot@=\count197
LaTeX Info: Redefining \overline on input line 399.
\classnum@=\count198
\DOTSCASE@=\count199
LaTeX Info: Redefining \ldots on input line 496.
LaTeX Info: Redefining \dots on input line 499.
LaTeX Info: Redefining \cdots on input line 620.
\Mathstrutbox@=\box52
\strutbox@=\box53
\big@size=\dimen152
LaTeX Font Info:    Redeclaring font encoding OML on input line 743.
LaTeX Font Info:    Redeclaring font encoding OMS on input line 744.
Normal \count register pool exhausted, switching to extended pool.
\macc@depth=\count277
\c@MaxMatrixCols=\count278
\dotsspace@=\muskip16
\c@parentequation=\count279
\dspbrk@lvl=\count280
\tag@help=\toks21
\row@=\count281
\column@=\count282
\maxfields@=\count283
\andhelp@=\toks22
\eqnshift@=\dimen153
\alignsep@=\dimen154
\tagshift@=\dimen155
\tagwidth@=\dimen156
\totwidth@=\dimen157
\lineht@=\dimen158
\@envbody=\toks23
\multlinegap=\skip69
\multlinetaggap=\skip70
\mathdisplay@stack=\toks24
LaTeX Info: Redefining \[ on input line 2923.
LaTeX Info: Redefining \] on input line 2924.
)
(/usr/local/texlive/2021/texmf-dist/tex/latex/amsfonts/amssymb.sty
Package: amssymb 2013/01/14 v3.01 AMS font symbols

(/usr/local/texlive/2021/texmf-dist/tex/latex/amsfonts/amsfonts.sty
Package: amsfonts 2013/01/14 v3.01 Basic AMSFonts support
\symAMSa=\mathgroup4
\symAMSb=\mathgroup5
LaTeX Font Info:    Redeclaring math symbol \hbar on input line 98.
LaTeX Font Info:    Overwriting math alphabet `\mathfrak' in version `bold'
(Font)                  U/euf/m/n --> U/euf/b/n on input line 106.
))
(/usr/local/texlive/2021/texmf-dist/tex/latex/url/url.sty
\Urlmuskip=\muskip17
Package: url 2013/09/16  ver 3.4  Verb mode for urls, etc.
)
(/usr/local/texlive/2021/texmf-dist/tex/latex/tools/enumerate.sty
Package: enumerate 2015/07/23 v3.00 enumerate extensions (DPC)
\@enLab=\toks25
)
(/usr/local/texlive/2021/texmf-dist/tex/latex/tools/longtable.sty
Package: longtable 2020/01/07 v4.13 Multi-page Table package (DPC)
\LTleft=\skip71
\LTright=\skip72
\LTpre=\skip73
\LTpost=\skip74
\LTchunksize=\count284
\LTcapwidth=\dimen159
\LT@head=\box54
\LT@firsthead=\box55
\LT@foot=\box56
\LT@lastfoot=\box57
\LT@cols=\count285
\LT@rows=\count286
\c@LT@tables=\count287
\c@LT@chunks=\count288
\LT@p@ftn=\toks26
)
(/usr/local/texlive/2021/texmf-dist/tex/latex/natbib/natbib.sty
Package: natbib 2010/09/13 8.31b (PWD, AO)
\bibhang=\skip75
\bibsep=\skip76
LaTeX Info: Redefining \cite on input line 694.
\c@NAT@ctr=\count289
)
(/usr/local/texlive/2021/texmf-dist/tex/latex/tools/xspace.sty
Package: xspace 2014/10/28 v1.13 Space after command names (DPC,MH)
)
(/usr/local/texlive/2021/texmf-dist/tex/generic/babel/babel.sty
Package: babel 2021/03/24 3.56 The Babel package

(/usr/local/texlive/2021/texmf-dist/tex/generic/babel/babel.def
File: babel.def 2021/03/24 3.56 Babel common definitions
\babel@savecnt=\count290
\U@D=\dimen160
\l@babelnohyphens=\language87

(/usr/local/texlive/2021/texmf-dist/tex/generic/babel/txtbabel.def)
\bbl@readstream=\read2
)
\bbl@dirlevel=\count291

(/usr/local/texlive/2021/texmf-dist/tex/generic/babel-english/english.ldf
Language: english 2017/06/06 v3.3r English support from the babel system
Package babel Info: \l@canadian = using hyphenrules for english
(babel)             (\language0) on input line 102.
Package babel Info: \l@australian = using hyphenrules for ukenglish
(babel)             (\language21) on input line 105.
Package babel Info: \l@newzealand = using hyphenrules for ukenglish
(babel)             (\language21) on input line 108.
))
(/usr/local/texlive/2021/texmf-dist/tex/latex/graphics/rotating.sty
Package: rotating 2016/08/11 v2.16d rotated objects in LaTeX

(/usr/local/texlive/2021/texmf-dist/tex/latex/graphics/graphicx.sty
Package: graphicx 2020/09/09 v1.2b Enhanced LaTeX Graphics (DPC,SPQR)

(/usr/local/texlive/2021/texmf-dist/tex/latex/graphics/graphics.sty
Package: graphics 2020/08/30 v1.4c Standard LaTeX Graphics (DPC,SPQR)

(/usr/local/texlive/2021/texmf-dist/tex/latex/graphics/trig.sty
Package: trig 2016/01/03 v1.10 sin cos tan (DPC)
)
(/usr/local/texlive/2021/texmf-dist/tex/latex/graphics-cfg/graphics.cfg
File: graphics.cfg 2016/06/04 v1.11 sample graphics configuration
)
Package graphics Info: Driver file: pdftex.def on input line 105.

(/usr/local/texlive/2021/texmf-dist/tex/latex/graphics-def/pdftex.def
File: pdftex.def 2020/10/05 v1.2a Graphics/color driver for pdftex
))
\Gin@req@height=\dimen161
\Gin@req@width=\dimen162
)
(/usr/local/texlive/2021/texmf-dist/tex/latex/base/ifthen.sty
Package: ifthen 2014/09/29 v1.1c Standard LaTeX ifthen package (DPC)
)
\c@r@tfl@t=\count292
\rotFPtop=\skip77
\rotFPbot=\skip78
\rot@float@box=\box58
\rot@mess@toks=\toks27
)
\aa@cnta=\count293
\aa@cntb=\count294
\aa@nbwords=\count295
\aa@nbauthors=\count296
\aa@nbinstitutes=\count297
\c@aa@institutecnt=\count298
\aa@savecounter=\count299
\aa@dima=\skip79
\aa@dimb=\skip80
\aa@dimc=\skip81
\VSpaceBeforeTheorem=\skip82
\VSpaceAfterTheorem=\skip83
\HSpaceIndentTheorem=\skip84
\HVSpaceSepTheorem=\skip85
\aa@securityheadmargin=\skip86
\aa@bleedmargin=\skip87
\aa@voffsetlettername=\skip88
\aa@hoffsetlettername=\skip89
\aa@hoffsetgray=\skip90
\aa@aftercontentsnameskip=\skip91
\aa@aftercontentsAutnameskip=\skip92
\aa@beforeheadboxskip=\skip93
\aa@afterheadboxskip=\skip94
\aa@beforetopicsskip=\skip95
\aa@aftertopicsskip=\skip96
\aa@afterletternameskip=\skip97
\aa@beforeletternameskip=\skip98
\aa@beforeheadnoteskip=\skip99
\aa@afterheadnoteskip=\skip100
\aa@aftertitleskip=\skip101
\aa@beforesubtitleskip=\skip102
\aa@aftersubtitleskip=\skip103
\aa@afterauthorskip=\skip104
\aa@beforedefaultheadnoteskip=\skip105
\aa@headingleftmargin=\skip106
\aa@headingrightmargin=\skip107
\aa@afterinstituteskip=\skip108
\aa@instituteindent=\skip109
\aa@afterdateskip=\skip110
\aa@afterdedicationskip=\skip111
\aa@afterabstractnameskip=\skip112
\aa@afterabstractskip=\skip113
\aa@aftersubabstractskip=\skip114
\aa@afterkeywordsskip=\skip115
\aa@beforeacknowledgementsskip=\skip116
\aa@afteracknowledgementsskip=\skip117
\aa@figgap=\skip118
\aa@sidecaptionminwidth=\skip119
\aa@sidecaptionwidth=\skip120
\VSpaceBeforeFigCaption=\skip121
\VSpaceAfterTabCaption=\skip122
\VSpaceBeforeTabBib=\skip123
\VSpaceBeforeTabFoot=\skip124
\aftertext=\skip125
\aa@entryboxwidth=\skip126
\betweenumberspace=\skip127
\authorlink=\toks28
\yearCop=\toks29
\aa@stripbox=\box59
\aa@outputbox=\box60
\c@AAproof=\count300
\c@AAtheorem=\count301
)
(/usr/local/texlive/2021/texmf-dist/tex/latex/txfonts/txfonts.sty
Package: txfonts 2008/01/22 v3.2.1
LaTeX Font Info:    Redeclaring symbol font `operators' on input line 21.
LaTeX Font Info:    Overwriting symbol font `operators' in version `normal'
(Font)                  OT1/cmr/m/n --> OT1/txr/m/n on input line 21.
LaTeX Font Info:    Overwriting symbol font `operators' in version `bold'
(Font)                  OT1/cmr/bx/n --> OT1/txr/m/n on input line 21.
LaTeX Font Info:    Overwriting symbol font `operators' in version `bold'
(Font)                  OT1/txr/m/n --> OT1/txr/bx/n on input line 22.
\symitalic=\mathgroup6
LaTeX Font Info:    Overwriting symbol font `italic' in version `bold'
(Font)                  OT1/txr/m/it --> OT1/txr/bx/it on input line 26.
LaTeX Font Info:    Redeclaring math alphabet \mathbf on input line 29.
LaTeX Font Info:    Overwriting math alphabet `\mathbf' in version `normal'
(Font)                  OT1/cmr/bx/n --> OT1/txr/bx/n on input line 29.
LaTeX Font Info:    Overwriting math alphabet `\mathbf' in version `bold'
(Font)                  OT1/cmr/bx/n --> OT1/txr/bx/n on input line 29.
LaTeX Font Info:    Redeclaring math alphabet \mathit on input line 30.
LaTeX Font Info:    Overwriting math alphabet `\mathit' in version `normal'
(Font)                  OT1/cmr/m/it --> OT1/txr/m/it on input line 30.
LaTeX Font Info:    Overwriting math alphabet `\mathit' in version `bold'
(Font)                  OT1/cmr/bx/it --> OT1/txr/m/it on input line 30.
LaTeX Font Info:    Overwriting math alphabet `\mathit' in version `bold'
(Font)                  OT1/txr/m/it --> OT1/txr/bx/it on input line 31.
LaTeX Font Info:    Redeclaring math alphabet \mathsf on input line 40.
LaTeX Font Info:    Overwriting math alphabet `\mathsf' in version `normal'
(Font)                  OT1/cmss/m/n --> OT1/txss/m/n on input line 40.
LaTeX Font Info:    Overwriting math alphabet `\mathsf' in version `bold'
(Font)                  OT1/cmss/bx/n --> OT1/txss/m/n on input line 40.
LaTeX Font Info:    Overwriting math alphabet `\mathsf' in version `bold'
(Font)                  OT1/txss/m/n --> OT1/txss/b/n on input line 41.
LaTeX Font Info:    Redeclaring math alphabet \mathtt on input line 50.
LaTeX Font Info:    Overwriting math alphabet `\mathtt' in version `normal'
(Font)                  OT1/cmtt/m/n --> OT1/txtt/m/n on input line 50.
LaTeX Font Info:    Overwriting math alphabet `\mathtt' in version `bold'
(Font)                  OT1/cmtt/m/n --> OT1/txtt/m/n on input line 50.
LaTeX Font Info:    Overwriting math alphabet `\mathtt' in version `bold'
(Font)                  OT1/txtt/m/n --> OT1/txtt/b/n on input line 51.
LaTeX Font Info:    Redeclaring symbol font `letters' on input line 58.
LaTeX Font Info:    Overwriting symbol font `letters' in version `normal'
(Font)                  OML/cmm/m/it --> OML/txmi/m/it on input line 58.
LaTeX Font Info:    Overwriting symbol font `letters' in version `bold'
(Font)                  OML/cmm/b/it --> OML/txmi/m/it on input line 58.
LaTeX Font Info:    Overwriting symbol font `letters' in version `bold'
(Font)                  OML/txmi/m/it --> OML/txmi/bx/it on input line 59.
\symlettersA=\mathgroup7
LaTeX Font Info:    Overwriting symbol font `lettersA' in version `bold'
(Font)                  U/txmia/m/it --> U/txmia/bx/it on input line 67.
LaTeX Font Info:    Redeclaring math alphabet \mathfrak on input line 70.
LaTeX Font Info:    Redeclaring symbol font `symbols' on input line 77.
LaTeX Font Info:    Overwriting symbol font `symbols' in version `normal'
(Font)                  OMS/cmsy/m/n --> OMS/txsy/m/n on input line 77.
LaTeX Font Info:    Overwriting symbol font `symbols' in version `bold'
(Font)                  OMS/cmsy/b/n --> OMS/txsy/m/n on input line 77.
LaTeX Font Info:    Overwriting symbol font `symbols' in version `bold'
(Font)                  OMS/txsy/m/n --> OMS/txsy/bx/n on input line 78.
LaTeX Font Info:    Redeclaring symbol font `AMSa' on input line 93.
LaTeX Font Info:    Overwriting symbol font `AMSa' in version `normal'
(Font)                  U/msa/m/n --> U/txsya/m/n on input line 93.
LaTeX Font Info:    Overwriting symbol font `AMSa' in version `bold'
(Font)                  U/msa/m/n --> U/txsya/m/n on input line 93.
LaTeX Font Info:    Overwriting symbol font `AMSa' in version `bold'
(Font)                  U/txsya/m/n --> U/txsya/bx/n on input line 94.
LaTeX Font Info:    Redeclaring symbol font `AMSb' on input line 102.
LaTeX Font Info:    Overwriting symbol font `AMSb' in version `normal'
(Font)                  U/msb/m/n --> U/txsyb/m/n on input line 102.
LaTeX Font Info:    Overwriting symbol font `AMSb' in version `bold'
(Font)                  U/msb/m/n --> U/txsyb/m/n on input line 102.
LaTeX Font Info:    Overwriting symbol font `AMSb' in version `bold'
(Font)                  U/txsyb/m/n --> U/txsyb/bx/n on input line 103.
\symsymbolsC=\mathgroup8
LaTeX Font Info:    Overwriting symbol font `symbolsC' in version `bold'
(Font)                  U/txsyc/m/n --> U/txsyc/bx/n on input line 113.
LaTeX Font Info:    Redeclaring symbol font `largesymbols' on input line 120.
LaTeX Font Info:    Overwriting symbol font `largesymbols' in version `normal'
(Font)                  OMX/cmex/m/n --> OMX/txex/m/n on input line 120.
LaTeX Font Info:    Overwriting symbol font `largesymbols' in version `bold'
(Font)                  OMX/cmex/m/n --> OMX/txex/m/n on input line 120.
LaTeX Font Info:    Overwriting symbol font `largesymbols' in version `bold'
(Font)                  OMX/txex/m/n --> OMX/txex/bx/n on input line 121.
\symlargesymbolsA=\mathgroup9
LaTeX Font Info:    Overwriting symbol font `largesymbolsA' in version `bold'
(Font)                  U/txexa/m/n --> U/txexa/bx/n on input line 129.
LaTeX Font Info:    Redeclaring math symbol \mathsterling on input line 164.
LaTeX Info: Redefining \not on input line 1043.
)
(/usr/local/texlive/2021/texmf-dist/tex/latex/hyperref/hyperref.sty
Package: hyperref 2021-02-27 v7.00k Hypertext links for LaTeX

(/usr/local/texlive/2021/texmf-dist/tex/generic/ltxcmds/ltxcmds.sty
Package: ltxcmds 2020-05-10 v1.25 LaTeX kernel commands for general use (HO)
)
(/usr/local/texlive/2021/texmf-dist/tex/generic/pdftexcmds/pdftexcmds.sty
Package: pdftexcmds 2020-06-27 v0.33 Utility functions of pdfTeX for LuaTeX (HO
)

(/usr/local/texlive/2021/texmf-dist/tex/generic/infwarerr/infwarerr.sty
Package: infwarerr 2019/12/03 v1.5 Providing info/warning/error messages (HO)
)
Package pdftexcmds Info: \pdf@primitive is available.
Package pdftexcmds Info: \pdf@ifprimitive is available.
Package pdftexcmds Info: \pdfdraftmode found.
)
(/usr/local/texlive/2021/texmf-dist/tex/generic/kvsetkeys/kvsetkeys.sty
Package: kvsetkeys 2019/12/15 v1.18 Key value parser (HO)
)
(/usr/local/texlive/2021/texmf-dist/tex/generic/kvdefinekeys/kvdefinekeys.sty
Package: kvdefinekeys 2019-12-19 v1.6 Define keys (HO)
)
(/usr/local/texlive/2021/texmf-dist/tex/generic/pdfescape/pdfescape.sty
Package: pdfescape 2019/12/09 v1.15 Implements pdfTeX's escape features (HO)
)
(/usr/local/texlive/2021/texmf-dist/tex/latex/hycolor/hycolor.sty
Package: hycolor 2020-01-27 v1.10 Color options for hyperref/bookmark (HO)
)
(/usr/local/texlive/2021/texmf-dist/tex/latex/letltxmacro/letltxmacro.sty
Package: letltxmacro 2019/12/03 v1.6 Let assignment for LaTeX macros (HO)
)
(/usr/local/texlive/2021/texmf-dist/tex/latex/auxhook/auxhook.sty
Package: auxhook 2019-12-17 v1.6 Hooks for auxiliary files (HO)
)
(/usr/local/texlive/2021/texmf-dist/tex/latex/kvoptions/kvoptions.sty
Package: kvoptions 2020-10-07 v3.14 Key value format for package options (HO)
)
\@linkdim=\dimen163
\Hy@linkcounter=\count302
\Hy@pagecounter=\count303

(/usr/local/texlive/2021/texmf-dist/tex/latex/hyperref/pd1enc.def
File: pd1enc.def 2021-02-27 v7.00k Hyperref: PDFDocEncoding definition (HO)
Now handling font encoding PD1 ...
... no UTF-8 mapping file for font encoding PD1
)
(/usr/local/texlive/2021/texmf-dist/tex/latex/hyperref/hyperref-langpatches.def
File: hyperref-langpatches.def 2021-02-27 v7.00k Hyperref: patches for babel la
nguages
) (/usr/local/texlive/2021/texmf-dist/tex/generic/intcalc/intcalc.sty
Package: intcalc 2019/12/15 v1.3 Expandable calculations with integers (HO)
)
(/usr/local/texlive/2021/texmf-dist/tex/generic/etexcmds/etexcmds.sty
Package: etexcmds 2019/12/15 v1.7 Avoid name clashes with e-TeX commands (HO)
)
\Hy@SavedSpaceFactor=\count304

(/usr/local/texlive/2021/texmf-dist/tex/latex/hyperref/puenc.def
File: puenc.def 2021-02-27 v7.00k Hyperref: PDF Unicode definition (HO)
Now handling font encoding PU ...
... no UTF-8 mapping file for font encoding PU
)
Package hyperref Info: Hyper figures OFF on input line 4192.
Package hyperref Info: Link nesting OFF on input line 4197.
Package hyperref Info: Hyper index ON on input line 4200.
Package hyperref Info: Plain pages OFF on input line 4207.
Package hyperref Info: Backreferencing OFF on input line 4212.
Package hyperref Info: Implicit mode ON; LaTeX internals redefined.
Package hyperref Info: Bookmarks ON on input line 4445.
\c@Hy@tempcnt=\count305
LaTeX Info: Redefining \url on input line 4804.
\XeTeXLinkMargin=\dimen164

(/usr/local/texlive/2021/texmf-dist/tex/generic/bitset/bitset.sty
Package: bitset 2019/12/09 v1.3 Handle bit-vector datatype (HO)

(/usr/local/texlive/2021/texmf-dist/tex/generic/bigintcalc/bigintcalc.sty
Package: bigintcalc 2019/12/15 v1.5 Expandable calculations on big integers (HO
)
))
\Fld@menulength=\count306
\Field@Width=\dimen165
\Fld@charsize=\dimen166
Package hyperref Info: Hyper figures OFF on input line 6075.
Package hyperref Info: Link nesting OFF on input line 6080.
Package hyperref Info: Hyper index ON on input line 6083.
Package hyperref Info: backreferencing OFF on input line 6090.
Package hyperref Info: Link coloring OFF on input line 6095.
Package hyperref Info: Link coloring with OCG OFF on input line 6100.
Package hyperref Info: PDF/A mode OFF on input line 6105.
LaTeX Info: Redefining \ref on input line 6145.
LaTeX Info: Redefining \pageref on input line 6149.

(/usr/local/texlive/2021/texmf-dist/tex/latex/base/atbegshi-ltx.sty
Package: atbegshi-ltx 2020/08/17 v1.0a Emulation of the original atbegshi packa
ge
with kernel methods
)
\Hy@abspage=\count307
\c@Item=\count308
\c@Hfootnote=\count309
)
Package hyperref Info: Driver (autodetected): hpdftex.

(/usr/local/texlive/2021/texmf-dist/tex/latex/hyperref/hpdftex.def
File: hpdftex.def 2021-02-27 v7.00k Hyperref driver for pdfTeX

(/usr/local/texlive/2021/texmf-dist/tex/latex/base/atveryend-ltx.sty
Package: atveryend-ltx 2020/08/19 v1.0a Emulation of the original atvery packag
e
with kernel methods
)
\Fld@listcount=\count310
\c@bookmark@seq@number=\count311

(/usr/local/texlive/2021/texmf-dist/tex/latex/rerunfilecheck/rerunfilecheck.sty
Package: rerunfilecheck 2019/12/05 v1.9 Rerun checks for auxiliary files (HO)

(/usr/local/texlive/2021/texmf-dist/tex/generic/uniquecounter/uniquecounter.sty
Package: uniquecounter 2019/12/15 v1.4 Provide unlimited unique counter (HO)
)
Package uniquecounter Info: New unique counter `rerunfilecheck' on input line 2
86.
)
\Hy@SectionHShift=\skip128
) (/usr/local/texlive/2021/texmf-dist/tex/latex/xcolor/xcolor.sty
Package: xcolor 2016/05/11 v2.12 LaTeX color extensions (UK)

(/usr/local/texlive/2021/texmf-dist/tex/latex/graphics-cfg/color.cfg
File: color.cfg 2016/01/02 v1.6 sample color configuration
)
Package xcolor Info: Driver file: pdftex.def on input line 225.
Package xcolor Info: Model `cmy' substituted by `cmy0' on input line 1348.
Package xcolor Info: Model `hsb' substituted by `rgb' on input line 1352.
Package xcolor Info: Model `RGB' extended on input line 1364.
Package xcolor Info: Model `HTML' substituted by `rgb' on input line 1366.
Package xcolor Info: Model `Hsb' substituted by `hsb' on input line 1367.
Package xcolor Info: Model `tHsb' substituted by `hsb' on input line 1368.
Package xcolor Info: Model `HSB' substituted by `hsb' on input line 1369.
Package xcolor Info: Model `Gray' substituted by `gray' on input line 1370.
Package xcolor Info: Model `wave' substituted by `hsb' on input line 1371.
)
(/usr/local/texlive/2021/texmf-dist/tex/latex/float/float.sty
Package: float 2001/11/08 v1.3d Float enhancements (AL)
\c@float@type=\count312
\float@exts=\toks30
\float@box=\box61
\@float@everytoks=\toks31
\@floatcapt=\box62
)
Package hyperref Info: Option `colorlinks' set `true' on input line 15.
LaTeX Font Info:    Trying to load font information for T1+txr on input line 19
.

(/usr/local/texlive/2021/texmf-dist/tex/latex/txfonts/t1txr.fd
File: t1txr.fd 2000/12/15 v3.1
)
(/usr/local/texlive/2021/texmf-dist/tex/latex/l3backend/l3backend-pdftex.def
File: l3backend-pdftex.def 2021-03-18 L3 backend support: PDF output (pdfTeX)
\l__color_backend_stack_int=\count313
\l__pdf_internal_box=\box63
)
(./Milestones_1_4.aux)
\openout1 = `Milestones_1_4.aux'.

LaTeX Font Info:    Checking defaults for OML/txmi/m/it on input line 19.
LaTeX Font Info:    Trying to load font information for OML+txmi on input line 
19.

(/usr/local/texlive/2021/texmf-dist/tex/latex/txfonts/omltxmi.fd
File: omltxmi.fd 2000/12/15 v3.1
)
LaTeX Font Info:    ... okay on input line 19.
LaTeX Font Info:    Checking defaults for OMS/txsy/m/n on input line 19.
LaTeX Font Info:    Trying to load font information for OMS+txsy on input line 
19.

(/usr/local/texlive/2021/texmf-dist/tex/latex/txfonts/omstxsy.fd
File: omstxsy.fd 2000/12/15 v3.1
)
LaTeX Font Info:    ... okay on input line 19.
LaTeX Font Info:    Checking defaults for OT1/cmr/m/n on input line 19.
LaTeX Font Info:    ... okay on input line 19.
LaTeX Font Info:    Checking defaults for T1/cmr/m/n on input line 19.
LaTeX Font Info:    ... okay on input line 19.
LaTeX Font Info:    Checking defaults for TS1/cmr/m/n on input line 19.
LaTeX Font Info:    ... okay on input line 19.
LaTeX Font Info:    Checking defaults for OMX/txex/m/n on input line 19.
LaTeX Font Info:    Trying to load font information for OMX+txex on input line 
19.

(/usr/local/texlive/2021/texmf-dist/tex/latex/txfonts/omxtxex.fd
File: omxtxex.fd 2000/12/15 v3.1
)
LaTeX Font Info:    ... okay on input line 19.
LaTeX Font Info:    Checking defaults for U/txexa/m/n on input line 19.
LaTeX Font Info:    Trying to load font information for U+txexa on input line 1
9.

(/usr/local/texlive/2021/texmf-dist/tex/latex/txfonts/utxexa.fd
File: utxexa.fd 2000/12/15 v3.1
)
LaTeX Font Info:    ... okay on input line 19.
LaTeX Font Info:    Checking defaults for PD1/pdf/m/n on input line 19.
LaTeX Font Info:    ... okay on input line 19.
LaTeX Font Info:    Checking defaults for PU/pdf/m/n on input line 19.
LaTeX Font Info:    ... okay on input line 19.

*geometry* detected driver: pdftex
*geometry* verbose mode - [ preamble ] result:
* driver: pdftex
* paper: a4paper
* layout: <same size as paper>
* layoutoffset:(h,v)=(0.0pt,0.0pt)
* modes: twoside 
* h-part:(L,W,R)=(36.98859pt, 523.5307pt, 36.98859pt)
* v-part:(T,H,B)=(56.01874pt, 705.0pt, 84.0281pt)
* \paperwidth=597.50787pt
* \paperheight=845.04684pt
* \textwidth=523.5307pt
* \textheight=705.0pt
* \oddsidemargin=-35.2814pt
* \evensidemargin=-35.2814pt
* \topmargin=-40.25125pt
* \headheight=12.0pt
* \headsep=12.0pt
* \topskip=10.0pt
* \footskip=20.0pt
* \marginparwidth=0.0pt
* \marginparsep=0.0pt
* \columnsep=11.38109pt
* \skip\footins=9.0pt plus 4.0pt minus 2.0pt
* \hoffset=0.0pt
* \voffset=0.0pt
* \mag=1000
* \@twocolumntrue
* \@twosidetrue
* \@mparswitchtrue
* \@reversemarginfalse
* (1in=72.27pt=25.4mm, 1cm=28.453pt)

(/usr/local/texlive/2021/texmf-dist/tex/context/base/mkii/supp-pdf.mkii
[Loading MPS to PDF converter (version 2006.09.02).]
\scratchcounter=\count314
\scratchdimen=\dimen167
\scratchbox=\box64
\nofMPsegments=\count315
\nofMParguments=\count316
\everyMPshowfont=\toks32
\MPscratchCnt=\count317
\MPscratchDim=\dimen168
\MPnumerator=\count318
\makeMPintoPDFobject=\count319
\everyMPtoPDFconversion=\toks33
) (/usr/local/texlive/2021/texmf-dist/tex/latex/epstopdf-pkg/epstopdf-base.sty
Package: epstopdf-base 2020-01-24 v2.11 Base part for package epstopdf
Package epstopdf-base Info: Redefining graphics rule for `.eps' on input line 4
85.

(/usr/local/texlive/2021/texmf-dist/tex/latex/latexconfig/epstopdf-sys.cfg
File: epstopdf-sys.cfg 2010/07/13 v1.3 Configuration of (r)epstopdf for TeX Liv
e
))
Package hyperref Info: Link coloring ON on input line 19.

(/usr/local/texlive/2021/texmf-dist/tex/latex/hyperref/nameref.sty
Package: nameref 2021-04-02 v2.47 Cross-referencing by name of section

(/usr/local/texlive/2021/texmf-dist/tex/latex/refcount/refcount.sty
Package: refcount 2019/12/15 v3.6 Data extraction from label references (HO)
)
(/usr/local/texlive/2021/texmf-dist/tex/generic/gettitlestring/gettitlestring.s
ty
Package: gettitlestring 2019/12/15 v1.6 Cleanup title references (HO)
)
\c@section@level=\count320
)
LaTeX Info: Redefining \ref on input line 19.
LaTeX Info: Redefining \pageref on input line 19.
LaTeX Info: Redefining \nameref on input line 19.
 (./Milestones_1_4.out) (./Milestones_1_4.out)
\@outlinefile=\write3
\openout3 = `Milestones_1_4.out'.

LaTeX Font Info:    Trying to load font information for TS1+txr on input line 3
9.

(/usr/local/texlive/2021/texmf-dist/tex/latex/txfonts/ts1txr.fd
File: ts1txr.fd 2000/12/15 v3.1
)
LaTeX Font Info:    Trying to load font information for OT1+txr on input line 3
9.

(/usr/local/texlive/2021/texmf-dist/tex/latex/txfonts/ot1txr.fd
File: ot1txr.fd 2000/12/15 v3.1
)
LaTeX Font Info:    Trying to load font information for U+txsya on input line 3
9.

(/usr/local/texlive/2021/texmf-dist/tex/latex/txfonts/utxsya.fd
File: utxsya.fd 2000/12/15 v3.1
)
LaTeX Font Info:    Trying to load font information for U+txsyb on input line 3
9.

(/usr/local/texlive/2021/texmf-dist/tex/latex/txfonts/utxsyb.fd
File: utxsyb.fd 2000/12/15 v3.1
)
LaTeX Font Info:    Trying to load font information for U+txmia on input line 3
9.

(/usr/local/texlive/2021/texmf-dist/tex/latex/txfonts/utxmia.fd
File: utxmia.fd 2000/12/15 v3.1
)
LaTeX Font Info:    Trying to load font information for U+txsyc on input line 3
9.

(/usr/local/texlive/2021/texmf-dist/tex/latex/txfonts/utxsyc.fd
File: utxsyc.fd 2000/12/15 v3.1
)
LaTeX Font Info:    Trying to load font information for T1+txss on input line 3
9.

(/usr/local/texlive/2021/texmf-dist/tex/latex/txfonts/t1txss.fd
File: t1txss.fd 2000/12/15 v3.1
)
LaTeX Font Info:    Font shape `T1/txss/m/n' will be
(Font)              scaled to size 16.41594pt on input line 39.
LaTeX Font Info:    Font shape `T1/txss/b/n' in size <17.28> not available
(Font)              Font shape `T1/txss/bx/n' tried instead on input line 39.
LaTeX Font Info:    Font shape `T1/txss/bx/n' will be
(Font)              scaled to size 16.41594pt on input line 39.
LaTeX Font Info:    Trying to load font information for T1+txtt on input line 3
9.

(/usr/local/texlive/2021/texmf-dist/tex/latex/txfonts/t1txtt.fd
File: t1txtt.fd 2000/12/15 v3.1
)
LaTeX Font Info:    Font shape `T1/txss/m/n' will be
(Font)              scaled to size 8.54997pt on input line 39.
LaTeX Font Info:    Font shape `T1/txss/b/n' in size <9> not available
(Font)              Font shape `T1/txss/bx/n' tried instead on input line 39.
LaTeX Font Info:    Font shape `T1/txss/bx/n' will be
(Font)              scaled to size 8.54997pt on input line 39.
LaTeX Font Info:    Font shape `T1/txss/m/n' will be
(Font)              scaled to size 10.40245pt on input line 40.
LaTeX Font Info:    Font shape `T1/txss/b/n' in size <10.95> not available
(Font)              Font shape `T1/txss/bx/n' tried instead on input line 40.
LaTeX Font Info:    Font shape `T1/txss/bx/n' will be
(Font)              scaled to size 10.40245pt on input line 40.

Underfull \hbox (badness 1152) in paragraph at lines 45--50
\T1/txr/m/n/10 ho-mo-ge-neous and isotropic uni-verse gov-erned by the well
 []


Underfull \hbox (badness 2753) in paragraph at lines 45--50
\T1/txr/m/n/10 known Fried-mann equa-tion [][]2[][]. The uni-verse we con-sider

 []


Underfull \hbox (badness 10000) in paragraph at lines 45--50

 []


Underfull \hbox (badness 7291) in paragraph at lines 45--50
\T1/txr/m/n/10 Since our uni-verse is ap-prox-i-mately ho-mo-ge-neous and
 []

LaTeX Font Info:    Font shape `T1/txss/m/n' will be
(Font)              scaled to size 9.49997pt on input line 59.
LaTeX Font Info:    Font shape `T1/txss/m/it' in size <10> not available
(Font)              Font shape `T1/txss/m/sl' tried instead on input line 59.
LaTeX Font Info:    Font shape `T1/txss/m/sl' will be
(Font)              scaled to size 9.49997pt on input line 59.
LaTeX Font Info:    Font shape `T1/txr/b/n' in size <10> not available
(Font)              Font shape `T1/txr/bx/n' tried instead on input line 81.

Package natbib Warning: Citation `winther:2023' on page 1 undefined on input li
ne 81.


Underfull \hbox (badness 10000) in paragraph at lines 80--82

 []


Underfull \hbox (badness 10000) in paragraph at lines 80--82

 []


Underfull \hbox (badness 10000) in paragraph at lines 93--98

 []

<Figures/M1_Hx.pdf, id=85, 433.62pt x 289.08pt>
File: Figures/M1_Hx.pdf Graphic file (type pdf)
<use Figures/M1_Hx.pdf>
Package pdftex.def Info: Figures/M1_Hx.pdf  used on input line 119.
(pdftex.def)             Requested size: 216.80946pt x 144.53964pt.
LaTeX Font Info:    Font shape `T1/txr/b/n' in size <9> not available
(Font)              Font shape `T1/txr/bx/n' tried instead on input line 120.

Package hyperref Warning: Suppressing link with empty target on input line 121.


[1{/usr/local/texlive/2021/texmf-var/fonts/map/pdftex/updmap/pdftex.map}


]
<Figures/M1_eta.pdf, id=110, 433.62pt x 289.08pt>
File: Figures/M1_eta.pdf Graphic file (type pdf)
<use Figures/M1_eta.pdf>
Package pdftex.def Info: Figures/M1_eta.pdf  used on input line 125.
(pdftex.def)             Requested size: 216.80946pt x 144.53964pt.
<Figures/M1_etaHc.pdf, id=111, 433.62pt x 289.08pt>
File: Figures/M1_etaHc.pdf Graphic file (type pdf)
<use Figures/M1_etaHc.pdf>
Package pdftex.def Info: Figures/M1_etaHc.pdf  used on input line 131.
(pdftex.def)             Requested size: 216.80946pt x 144.53964pt.
<Figures/M1_gaussian.pdf, id=112, 433.62pt x 289.08pt>
File: Figures/M1_gaussian.pdf Graphic file (type pdf)
<use Figures/M1_gaussian.pdf>
Package pdftex.def Info: Figures/M1_gaussian.pdf  used on input line 137.
(pdftex.def)             Requested size: 216.80946pt x 144.53964pt.


LaTeX Warning: `!h' float specifier changed to `!ht'.

<Figures/M1_densities.pdf, id=113, 433.62pt x 289.08pt>
File: Figures/M1_densities.pdf Graphic file (type pdf)
<use Figures/M1_densities.pdf>
Package pdftex.def Info: Figures/M1_densities.pdf  used on input line 144.
(pdftex.def)             Requested size: 216.80946pt x 144.53964pt.

LaTeX Warning: `!h' float specifier changed to `!ht'.

<Figures/M1_supernova.pdf, id=114, 433.62pt x 289.08pt>
File: Figures/M1_supernova.pdf Graphic file (type pdf)
<use Figures/M1_supernova.pdf>
Package pdftex.def Info: Figures/M1_supernova.pdf  used on input line 150.
(pdftex.def)             Requested size: 216.80946pt x 144.53964pt.

LaTeX Warning: `!h' float specifier changed to `!ht'.

<Figures/M1_confidence_area.pdf, id=115, 433.62pt x 289.08pt>
File: Figures/M1_confidence_area.pdf Graphic file (type pdf)
<use Figures/M1_confidence_area.pdf>
Package pdftex.def Info: Figures/M1_confidence_area.pdf  used on input line 156
.
(pdftex.def)             Requested size: 216.80946pt x 144.53964pt.

LaTeX Warning: `!h' float specifier changed to `!ht'.


LaTeX Warning: Text page 2 contains only floats.


Package hyperref Warning: Suppressing link with empty target on input line 175.


[2pdfTeX warning (ext4): destination with the same identifier (name{figure.1}) 
has been already used, duplicate ignored
<argument> ...shipout:D \box_use:N \l_shipout_box 
                                                  
l.175 \subsection
                 {Results}pdfTeX warning (ext4): destination with the same iden
tifier (name{figure.2}) has been already used, duplicate ignored
<argument> ...shipout:D \box_use:N \l_shipout_box 
                                                  
l.175 \subsection
                 {Results}pdfTeX warning (ext4): destination with the same iden
tifier (name{figure.3}) has been already used, duplicate ignored
<argument> ...shipout:D \box_use:N \l_shipout_box 
                                                  
l.175 \subsection
                 {Results}pdfTeX warning (ext4): destination with the same iden
tifier (name{figure.4}) has been already used, duplicate ignored
<argument> ...shipout:D \box_use:N \l_shipout_box 
                                                  
l.175 \subsection
                 {Results}pdfTeX warning (ext4): destination with the same iden
tifier (name{figure.5}) has been already used, duplicate ignored
<argument> ...shipout:D \box_use:N \l_shipout_box 
                                                  
l.175 \subsection
                 {Results}pdfTeX warning (ext4): destination with the same iden
tifier (name{figure.6}) has been already used, duplicate ignored
<argument> ...shipout:D \box_use:N \l_shipout_box 
                                                  
l.175 \subsection
                 {Results}pdfTeX warning (ext4): destination with the same iden
tifier (name{figure.7}) has been already used, duplicate ignored
<argument> ...shipout:D \box_use:N \l_shipout_box 
                                                  
l.175 \subsection
                 {Results} <./Figures/M1_Hx.pdf> <./Figures/M1_eta.pdf

pdfTeX warning: /Library/TeX/texbin/pdflatex (file ./Figures/M1_eta.pdf): PDF i
nclusion: multiple pdfs with page group included in a single page
> <./Figures/M1_etaHc.pdf

pdfTeX warning: /Library/TeX/texbin/pdflatex (file ./Figures/M1_etaHc.pdf): PDF
 inclusion: multiple pdfs with page group included in a single page
> <./Figures/M1_gaussian.pdf

pdfTeX warning: /Library/TeX/texbin/pdflatex (file ./Figures/M1_gaussian.pdf): 
PDF inclusion: multiple pdfs with page group included in a single page
> <./Figures/M1_densities.pdf

pdfTeX warning: /Library/TeX/texbin/pdflatex (file ./Figures/M1_densities.pdf):
 PDF inclusion: multiple pdfs with page group included in a single page
> <./Figures/M1_supernova.pdf

pdfTeX warning: /Library/TeX/texbin/pdflatex (file ./Figures/M1_supernova.pdf):
 PDF inclusion: multiple pdfs with page group included in a single page
> <./Figures/M1_confidence_area.pdf

pdfTeX warning: /Library/TeX/texbin/pdflatex (file ./Figures/M1_confidence_area
.pdf): PDF inclusion: multiple pdfs with page group included in a single page
>]
Underfull \vbox (badness 10000) has occurred while \output is active []

<Figures/M2_tautilde.pdf, id=366, 462.52798pt x 346.89601pt>
File: Figures/M2_tautilde.pdf Graphic file (type pdf)
<use Figures/M2_tautilde.pdf>
Package pdftex.def Info: Figures/M2_tautilde.pdf  used on input line 181.
(pdftex.def)             Requested size: 231.26341pt x 173.44757pt.
<Figures/M2_Xe.pdf, id=367, 462.52798pt x 346.89601pt>
File: Figures/M2_Xe.pdf Graphic file (type pdf)
<use Figures/M2_Xe.pdf>
Package pdftex.def Info: Figures/M2_Xe.pdf  used on input line 187.
(pdftex.def)             Requested size: 231.26341pt x 173.44757pt.
<Figures/M2_gtilde.pdf, id=368, 462.52798pt x 346.89601pt>
File: Figures/M2_gtilde.pdf Graphic file (type pdf)
<use Figures/M2_gtilde.pdf>
Package pdftex.def Info: Figures/M2_gtilde.pdf  used on input line 193.
(pdftex.def)             Requested size: 231.26341pt x 173.44757pt.


Package natbib Warning: Citation `winther:2023' on page 3 undefined on input li
ne 217.


Underfull \hbox (badness 10000) in paragraph at lines 215--221

 []


Package hyperref Warning: Suppressing link with empty target on input line 221.


[3pdfTeX warning (ext4): destination with the same identifier (name{figure.8}) 
has been already used, duplicate ignored
<argument> ...shipout:D \box_use:N \l_shipout_box 
                                                  
l.221 
      pdfTeX warning (ext4): destination with the same identifier (name{figure.
9}) has been already used, duplicate ignored
<argument> ...shipout:D \box_use:N \l_shipout_box 
                                                  
l.221 
      pdfTeX warning (ext4): destination with the same identifier (name{figure.
10}) has been already used, duplicate ignored
<argument> ...shipout:D \box_use:N \l_shipout_box 
                                                  
l.221 
       <./Figures/M2_tautilde.pdf> <./Figures/M2_Xe.pdf

pdfTeX warning: /Library/TeX/texbin/pdflatex (file ./Figures/M2_Xe.pdf): PDF in
clusion: multiple pdfs with page group included in a single page
> <./Figures/M2_gtilde.pdf

pdfTeX warning: /Library/TeX/texbin/pdflatex (file ./Figures/M2_gtilde.pdf): PD
F inclusion: multiple pdfs with page group included in a single page
>]

Package natbib Warning: Citation `winther:2023' on page 4 undefined on input li
ne 225.


Package natbib Warning: Citation `winther:2023' on page 4 undefined on input li
ne 227.


Underfull \hbox (badness 3049) in paragraph at lines 225--232
\T1/txr/m/n/10 the fa-mous Friedmann-Lemaître-Robertson-Walker (FLRW)
 []


Underfull \hbox (badness 10000) in paragraph at lines 225--232

 []


Underfull \hbox (badness 1127) in paragraph at lines 225--232
\T1/txr/m/n/10 The per-tur-ba-tions in the pho-ton tem-per-a-ture field, $\OML/
txmi/m/it/10 ^^NT$\T1/txr/m/n/10 , to-
 []


Package natbib Warning: Citation `winther:2023' on page 4 undefined on input li
ne 234.


Underfull \hbox (badness 10000) in paragraph at lines 233--240

 []


Underfull \vbox (badness 10000) has occurred while \output is active []



LaTeX Warning: Command \textless invalid in math mode on input line 271.


Package hyperref Warning: Suppressing link with empty target on input line 312.


[4]
Underfull \hbox (badness 10000) in paragraph at lines 312--316

 []


Underfull \hbox (badness 10000) in paragraph at lines 312--316

 []


Underfull \hbox (badness 10000) in paragraph at lines 321--326

 []


Underfull \hbox (badness 1762) in paragraph at lines 321--326
\T1/txr/m/n/10 Solutions of the back-ground uni-verse and the re-com-bi-na-
 []

<Figures/M3_deltas.pdf, id=467, 462.52798pt x 346.89601pt>
File: Figures/M3_deltas.pdf Graphic file (type pdf)
<use Figures/M3_deltas.pdf>
Package pdftex.def Info: Figures/M3_deltas.pdf  used on input line 331.
(pdftex.def)             Requested size: 231.26341pt x 173.44757pt.
<Figures/M3_Vs.pdf, id=468, 462.52798pt x 346.89601pt>
File: Figures/M3_Vs.pdf Graphic file (type pdf)
<use Figures/M3_Vs.pdf>
Package pdftex.def Info: Figures/M3_Vs.pdf  used on input line 337.
(pdftex.def)             Requested size: 231.26341pt x 173.44757pt.

LaTeX Warning: `!h' float specifier changed to `!ht'.

<Figures/M3_theta0.pdf, id=469, 462.52798pt x 346.89601pt>
File: Figures/M3_theta0.pdf Graphic file (type pdf)
<use Figures/M3_theta0.pdf>
Package pdftex.def Info: Figures/M3_theta0.pdf  used on input line 343.
(pdftex.def)             Requested size: 231.26341pt x 173.44757pt.

LaTeX Warning: `!h' float specifier changed to `!ht'.

<Figures/M3_theta1.pdf, id=470, 462.52798pt x 346.89601pt>
File: Figures/M3_theta1.pdf Graphic file (type pdf)
<use Figures/M3_theta1.pdf>
Package pdftex.def Info: Figures/M3_theta1.pdf  used on input line 349.
(pdftex.def)             Requested size: 231.26341pt x 173.44757pt.

LaTeX Warning: `!h' float specifier changed to `!ht'.

<Figures/M3_phi.pdf, id=471, 462.52798pt x 346.89601pt>
File: Figures/M3_phi.pdf Graphic file (type pdf)
<use Figures/M3_phi.pdf>
Package pdftex.def Info: Figures/M3_phi.pdf  used on input line 355.
(pdftex.def)             Requested size: 231.26341pt x 173.44757pt.

LaTeX Warning: `!h' float specifier changed to `!ht'.

<Figures/M3_phipsi.pdf, id=472, 462.52798pt x 346.89601pt>
File: Figures/M3_phipsi.pdf Graphic file (type pdf)
<use Figures/M3_phipsi.pdf>
Package pdftex.def Info: Figures/M3_phipsi.pdf  used on input line 361.
(pdftex.def)             Requested size: 231.26341pt x 173.44757pt.

LaTeX Warning: `!h' float specifier changed to `!ht'.


Package natbib Warning: Citation `winther:2023' on page 5 undefined on input li
ne 373.


LaTeX Warning: `!h' float specifier changed to `!ht'.


LaTeX Warning: `!h' float specifier changed to `!ht'.


LaTeX Warning: `!h' float specifier changed to `!ht'.


LaTeX Warning: `!h' float specifier changed to `!ht'.


LaTeX Warning: `!h' float specifier changed to `!ht'.


LaTeX Warning: `!h' float specifier changed to `!ht'.


Package natbib Warning: Citation `Shen:2022' on page 5 undefined on input line 
439.


Underfull \hbox (badness 10000) in paragraph at lines 433--447

 []


Underfull \hbox (badness 1521) in paragraph at lines 433--447
\T1/txr/m/n/10 In fig-ure [][]26[][] we see that the os-cil-la-tions in the bar
y-onic
 []


Underfull \vbox (badness 10000) has occurred while \output is active []



Package hyperref Warning: Suppressing link with empty target on input line 447.


[5pdfTeX warning (ext4): destination with the same identifier (name{figure.11})
 has been already used, duplicate ignored
<argument> ...shipout:D \box_use:N \l_shipout_box 
                                                  
l.447 
      pdfTeX warning (ext4): destination with the same identifier (name{figure.
12}) has been already used, duplicate ignored
<argument> ...shipout:D \box_use:N \l_shipout_box 
                                                  
l.447 
      pdfTeX warning (ext4): destination with the same identifier (name{figure.
13}) has been already used, duplicate ignored
<argument> ...shipout:D \box_use:N \l_shipout_box 
                                                  
l.447 
      pdfTeX warning (ext4): destination with the same identifier (name{figure.
14}) has been already used, duplicate ignored
<argument> ...shipout:D \box_use:N \l_shipout_box 
                                                  
l.447 
       <./Figures/M3_deltas.pdf> <./Figures/M3_Vs.pdf

pdfTeX warning: /Library/TeX/texbin/pdflatex (file ./Figures/M3_Vs.pdf): PDF in
clusion: multiple pdfs with page group included in a single page
> <./Figures/M3_theta0.pdf

pdfTeX warning: /Library/TeX/texbin/pdflatex (file ./Figures/M3_theta0.pdf): PD
F inclusion: multiple pdfs with page group included in a single page
> <./Figures/M3_theta1.pdf

pdfTeX warning: /Library/TeX/texbin/pdflatex (file ./Figures/M3_theta1.pdf): PD
F inclusion: multiple pdfs with page group included in a single page
>]

LaTeX Warning: `!h' float specifier changed to `!ht'.


LaTeX Warning: `!h' float specifier changed to `!ht'.


LaTeX Warning: `!h' float specifier changed to `!ht'.


Package hyperref Warning: Suppressing link with empty target on input line 510.


[6pdfTeX warning (ext4): destination with the same identifier (name{figure.15})
 has been already used, duplicate ignored
<argument> ...shipout:D \box_use:N \l_shipout_box 
                                                  
l.510 \subsection
                 {Implementation details}pdfTeX warning (ext4): destination wit
h the same identifier (name{figure.16}) has been already used, duplicate ignore
d
<argument> ...shipout:D \box_use:N \l_shipout_box 
                                                  
l.510 \subsection
                 {Implementation details}pdfTeX warning (ext4): destination wit
h the same identifier (name{table.1}) has been already used, duplicate ignored
<argument> ...shipout:D \box_use:N \l_shipout_box 
                                                  
l.510 \subsection
                 {Implementation details}pdfTeX warning (ext4): destination wit
h the same identifier (name{figure.17}) has been already used, duplicate ignore
d
<argument> ...shipout:D \box_use:N \l_shipout_box 
                                                  
l.510 \subsection
                 {Implementation details}pdfTeX warning (ext4): destination wit
h the same identifier (name{figure.18}) has been already used, duplicate ignore
d
<argument> ...shipout:D \box_use:N \l_shipout_box 
                                                  
l.510 \subsection
                 {Implementation details}pdfTeX warning (ext4): destination wit
h the same identifier (name{figure.19}) has been already used, duplicate ignore
d
<argument> ...shipout:D \box_use:N \l_shipout_box 
                                                  
l.510 \subsection
                 {Implementation details}pdfTeX warning (ext4): destination wit
h the same identifier (name{figure.20}) has been already used, duplicate ignore
d
<argument> ...shipout:D \box_use:N \l_shipout_box 
                                                  
l.510 \subsection
                 {Implementation details}pdfTeX warning (ext4): destination wit
h the same identifier (name{figure.21}) has been already used, duplicate ignore
d
<argument> ...shipout:D \box_use:N \l_shipout_box 
                                                  
l.510 \subsection
                 {Implementation details}pdfTeX warning (ext4): destination wit
h the same identifier (name{figure.22}) has been already used, duplicate ignore
d
<argument> ...shipout:D \box_use:N \l_shipout_box 
                                                  
l.510 \subsection
                 {Implementation details}pdfTeX warning (ext4): destination wit
h the same identifier (name{figure.23}) has been already used, duplicate ignore
d
<argument> ...shipout:D \box_use:N \l_shipout_box 
                                                  
l.510 \subsection
                 {Implementation details}pdfTeX warning (ext4): destination wit
h the same identifier (name{figure.24}) has been already used, duplicate ignore
d
<argument> ...shipout:D \box_use:N \l_shipout_box 
                                                  
l.510 \subsection
                 {Implementation details}pdfTeX warning (ext4): destination wit
h the same identifier (name{figure.25}) has been already used, duplicate ignore
d
<argument> ...shipout:D \box_use:N \l_shipout_box 
                                                  
l.510 \subsection
                 {Implementation details}pdfTeX warning (ext4): destination wit
h the same identifier (name{figure.26}) has been already used, duplicate ignore
d
<argument> ...shipout:D \box_use:N \l_shipout_box 
                                                  
l.510 \subsection
                 {Implementation details} <./Figures/M3_phi.pdf> <./Figures/M3_
phipsi.pdf

pdfTeX warning: /Library/TeX/texbin/pdflatex (file ./Figures/M3_phipsi.pdf): PD
F inclusion: multiple pdfs with page group included in a single page
>]
No file Milestones_1_4.bbl.

Package hyperref Warning: Suppressing link with empty target on input line 542.


[7pdfTeX warning (ext4): destination with the same identifier (name{figure.27})
 has been already used, duplicate ignored
<argument> ...shipout:D \box_use:N \l_shipout_box 
                                                  
l.542 \end{document}
                    pdfTeX warning (ext4): destination with the same identifier
 (name{figure.28}) has been already used, duplicate ignored
<argument> ...shipout:D \box_use:N \l_shipout_box 
                                                  
l.542 \end{document}
                    pdfTeX warning (ext4): destination with the same identifier
 (name{figure.29}) has been already used, duplicate ignored
<argument> ...shipout:D \box_use:N \l_shipout_box 
                                                  
l.542 \end{document}
                    

] (./Milestones_1_4.aux) ) 
Here is how much of TeX's memory you used:
 13565 strings out of 478994
 190882 string characters out of 5858185
 539400 words of memory out of 5000000
 30691 multiletter control sequences out of 15000+600000
 490638 words of font info for 171 fonts, out of 8000000 for 9000
 1141 hyphenation exceptions out of 8191
 98i,12n,102p,335b,394s stack positions out of 5000i,500n,10000p,200000b,80000s
{/usr/local/texlive/2021/texmf-dist/fonts/enc/dvips/b
ase/8r.enc}</usr/local/texlive/2021/texmf-dist/fonts/type1/public/txfonts/rtcxr
.pfb></usr/local/texlive/2021/texmf-dist/fonts/type1/public/txfonts/rtxmi.pfb><
/usr/local/texlive/2021/texmf-dist/fonts/type1/public/txfonts/rtxr.pfb></usr/lo
cal/texlive/2021/texmf-dist/fonts/type1/public/txfonts/rtxr.pfb></usr/local/tex
live/2021/texmf-dist/fonts/type1/public/txfonts/t1xtt.pfb></usr/local/texlive/2
021/texmf-dist/fonts/type1/public/txfonts/txex.pfb></usr/local/texlive/2021/tex
mf-dist/fonts/type1/public/txfonts/txsy.pfb></usr/local/texlive/2021/texmf-dist
/fonts/type1/public/txfonts/txsyb.pfb></usr/local/texlive/2021/texmf-dist/fonts
/type1/urw/helvetic/uhvb8a.pfb></usr/local/texlive/2021/texmf-dist/fonts/type1/
urw/helvetic/uhvr8a.pfb></usr/local/texlive/2021/texmf-dist/fonts/type1/urw/hel
vetic/uhvr8a.pfb></usr/local/texlive/2021/texmf-dist/fonts/type1/urw/times/utmb
8a.pfb></usr/local/texlive/2021/texmf-dist/fonts/type1/urw/times/utmbi8a.pfb></
usr/local/texlive/2021/texmf-dist/fonts/type1/urw/times/utmr8a.pfb></usr/local/
texlive/2021/texmf-dist/fonts/type1/urw/times/utmr8a.pfb></usr/local/texlive/20
21/texmf-dist/fonts/type1/urw/times/utmri8a.pfb>
Output written on Milestones_1_4.pdf (7 pages, 629821 bytes).
PDF statistics:
 748 PDF objects out of 1000 (max. 8388607)
 358 compressed objects within 4 object streams
 63 named destinations out of 1000 (max. 500000)
 241 words of extra memory for PDF output out of 10000 (max. 10000000)

